((mcpgateway) ) jay@Jayachandus-MacBook-Pro mcp-context-forge % make activate
ðŸ’¡  Enter the venv using:
. /Users/jay/.venv/mcpgateway/bin/activate

((mcpgateway) ) jay@Jayachandus-MacBook-Pro mcp-context-forge % make test
ðŸ§ª Running tests...
warning: `VIRTUAL_ENV=/Users/jay/.venv/mcpgateway` does not match the project environment path `.venv` and will be ignored; use `--active` to target the active environment instead






ERROR tests/e2e/test_main_apis.py
ERROR tests/integration/test_integration.py
ERROR tests/integration/test_metadata_integration.py
ERROR tests/integration/test_rbac_ownership_http.py
ERROR tests/integration/test_tag_endpoints.py
ERROR tests/integration/test_tools_pagination.py
ERROR tests/security/test_rpc_endpoint_validation.py
ERROR tests/unit/mcpgateway/test_coverage_push.py
ERROR tests/unit/mcpgateway/test_main_extended.py
ERROR tests/unit/mcpgateway/test_rpc_backward_compatibility.py
ERROR tests/unit/mcpgateway/test_rpc_tool_invocation.py
ERROR tests/unit/mcpgateway/test_ui_version.py
ERROR tests/unit/mcpgateway/test_well_known.py
ERROR tests/security/test_security_headers.py::TestSecurityHeadersEdgeCases::test_security_headers_on_method_not_allowed - ModuleNotFoundError: No module named 'altk'
ERROR tests/e2e/test_admin_apis.py::TestAdminUIMainPage::test_admin_ui_home - ModuleNotFoundError: No module named 'altk'
ERROR tests/security/test_security_headers.py::TestSecurityHeadersEdgeCases::test_hsts_with_various_forwarded_proto_values[http] - ModuleNotFoundError: No module named 'altk'
ERROR tests/e2e/test_admin_apis.py::TestAdminUIMainPage::test_admin_ui_home_with_inactive - ModuleNotFoundError: No module named 'altk'
ERROR tests/security/test_security_headers.py::TestSecurityHeadersEdgeCases::test_hsts_with_various_forwarded_proto_values[https] - ModuleNotFoundError: No module named 'altk'
ERROR tests/e2e/test_admin_apis.py::TestAdminServerAPIs::test_admin_list_servers_empty - ModuleNotFoundError: No module named 'altk'
ERROR tests/security/test_security_headers.py::TestSecurityHeadersEdgeCases::test_hsts_with_various_forwarded_proto_values[invalid] - ModuleNotFoundError: No module named 'altk'
ERROR tests/e2e/test_admin_apis.py::TestAdminServerAPIs::test_admin_server_lifecycle - ModuleNotFoundError: No module named 'altk'
ERROR tests/e2e/test_admin_apis.py::TestAdminToolAPIs::test_admin_list_tools_empty - ModuleNotFoundError: No module named 'altk'
ERROR tests/e2e/test_admin_apis.py::TestAdminToolAPIs::test_admin_tool_name_conflict - ModuleNotFoundError: No module named 'altk'
ERROR tests/e2e/test_admin_apis.py::TestAdminResourceAPIs::test_admin_add_resource - ModuleNotFoundError: No module named 'altk'
ERROR tests/e2e/test_admin_apis.py::TestAdminPromptAPIs::test_admin_list_prompts_empty - ModuleNotFoundError: No module named 'altk'
ERROR tests/e2e/test_admin_apis.py::TestAdminPromptAPIs::test_admin_prompt_lifecycle - ModuleNotFoundError: No module named 'altk'
ERROR tests/e2e/test_admin_apis.py::TestAdminGatewayAPIs::test_admin_list_gateways_empty - ModuleNotFoundError: No module named 'altk'
ERROR tests/e2e/test_admin_apis.py::TestAdminRootAPIs::test_admin_root_lifecycle - ModuleNotFoundError: No module named 'altk'
ERROR tests/e2e/test_admin_apis.py::TestAdminMetricsAPIs::test_admin_get_metrics - ModuleNotFoundError: No module named 'altk'
ERROR tests/e2e/test_admin_apis.py::TestAdminMetricsAPIs::test_admin_reset_metrics - ModuleNotFoundError: No module named 'altk'
ERROR tests/e2e/test_admin_apis.py::TestAdminErrorHandling::test_admin_server_not_found - ModuleNotFoundError: No module named 'altk'
ERROR tests/security/test_security_headers.py::TestSecurityHeaders::test_security_headers_present_on_health_endpoint - ModuleNotFoundError: No module named 'altk'
ERROR tests/security/test_security_headers.py::TestSecurityHeaders::test_security_headers_present_on_api_endpoints - ModuleNotFoundError: No module named 'altk'
ERROR tests/security/test_security_headers.py::TestSecurityHeaders::test_sensitive_headers_removed - ModuleNotFoundError: No module named 'altk'
ERROR tests/security/test_security_headers.py::TestSecurityHeaders::test_hsts_header_on_https_request - ModuleNotFoundError: No module named 'altk'
ERROR tests/security/test_security_headers.py::TestSecurityHeaders::test_no_hsts_header_on_http_request - ModuleNotFoundError: No module named 'altk'
ERROR tests/security/test_security_headers.py::TestSecurityHeaders::test_content_security_policy_structure - ModuleNotFoundError: No module named 'altk'
ERROR tests/security/test_security_headers.py::TestCORSConfiguration::test_cors_with_development_origins - ModuleNotFoundError: No module named 'altk'
ERROR tests/security/test_security_headers.py::TestCORSConfiguration::test_cors_blocks_unauthorized_origin - ModuleNotFoundError: No module named 'altk'
ERROR tests/security/test_security_headers.py::TestCORSConfiguration::test_cors_credentials_allowed - ModuleNotFoundError: No module named 'altk'
ERROR tests/security/test_security_headers.py::TestCORSConfiguration::test_cors_allowed_methods - ModuleNotFoundError: No module named 'altk'
ERROR tests/security/test_security_headers.py::TestCORSConfiguration::test_cors_exposed_headers - ModuleNotFoundError: No module named 'altk'
ERROR tests/security/test_security_headers.py::TestProductionSecurity::test_production_cors_requires_explicit_origins - ModuleNotFoundError: No module named 'altk'
ERROR tests/security/test_security_headers.py::TestProductionSecurity::test_production_uses_https_origins - ModuleNotFoundError: No module named 'altk'
ERROR tests/unit/mcpgateway/middleware/test_http_auth_integration.py::TestHttpAuthMiddlewareIntegration::test_x_api_key_transformation_and_authentication - ModuleNotFoundError: No module named 'altk'
ERROR tests/security/test_security_headers.py::TestProductionSecurity::test_security_headers_consistent_across_endpoints - ModuleNotFoundError: No module named 'altk'
ERROR tests/unit/mcpgateway/middleware/test_http_auth_integration.py::TestHttpAuthMiddlewareIntegration::test_correlation_id_propagation - ModuleNotFoundError: No module named 'altk'
ERROR tests/security/test_security_headers.py::TestSecurityHeadersEdgeCases::test_security_headers_on_error_responses - ModuleNotFoundError: No module named 'altk'
ERROR tests/unit/mcpgateway/middleware/test_http_auth_integration.py::TestHttpAuthMiddlewareIntegration::test_blocked_api_key_returns_401 - ModuleNotFoundError: No module named 'altk'
ERROR tests/unit/mcpgateway/middleware/test_http_auth_integration.py::TestHttpAuthMiddlewareIntegration::test_auth_status_header_on_success - ModuleNotFoundError: No module named 'altk'
ERROR tests/unit/mcpgateway/middleware/test_http_auth_integration.py::TestHttpAuthMiddlewareIntegration::test_auth_status_header_on_failure - ModuleNotFoundError: No module named 'altk'
ERROR tests/unit/mcpgateway/middleware/test_http_auth_integration.py::TestHttpAuthMiddlewareIntegration::test_request_id_in_response - ModuleNotFoundError: No module named 'altk'
ERROR tests/unit/mcpgateway/middleware/test_http_auth_integration.py::TestHttpAuthMiddlewareWithoutPlugins::test_normal_auth_without_plugins - ModuleNotFoundError: No module named 'altk'
ERROR tests/unit/mcpgateway/middleware/test_http_auth_integration.py::TestHttpAuthMiddlewareWithoutPlugins::test_health_endpoint_accessible_without_auth - ModuleNotFoundError: No module named 'altk'
ERROR tests/unit/mcpgateway/test_main.py::TestPromptEndpoints::test_toggle_prompt_status - ModuleNotFoundError: No module named 'altk'
ERROR tests/unit/mcpgateway/test_main.py::TestPromptEndpoints::test_list_prompts_endpoint - ModuleNotFoundError: No module named 'altk'
ERROR tests/unit/mcpgateway/test_main.py::TestPromptEndpoints::test_create_prompt_endpoint - ModuleNotFoundError: No module named 'altk'
ERROR tests/unit/mcpgateway/test_main.py::TestPromptEndpoints::test_get_prompt_with_args - ModuleNotFoundError: No module named 'altk'
ERROR tests/unit/mcpgateway/test_main.py::TestGatewayEndpoints::test_list_gateways_endpoint - ModuleNotFoundError: No module named 'altk'
ERROR tests/unit/mcpgateway/test_main.py::TestGatewayEndpoints::test_create_gateway_endpoint - ModuleNotFoundError: No module named 'altk'
ERROR tests/unit/mcpgateway/test_main.py::TestGatewayEndpoints::test_get_gateway_endpoint - ModuleNotFoundError: No module named 'altk'
ERROR tests/unit/mcpgateway/test_main.py::TestGatewayEndpoints::test_update_gateway_endpoint - ModuleNotFoundError: No module named 'altk'
ERROR tests/unit/mcpgateway/test_main.py::TestGatewayEndpoints::test_delete_gateway_endpoint - ModuleNotFoundError: No module named 'altk'
ERROR tests/unit/mcpgateway/test_main.py::TestGatewayEndpoints::test_toggle_gateway_status - ModuleNotFoundError: No module named 'altk'
ERROR tests/unit/mcpgateway/test_main.py::TestRootEndpoints::test_list_roots_endpoint - ModuleNotFoundError: No module named 'altk'
ERROR tests/unit/mcpgateway/test_main.py::TestRootEndpoints::test_add_root_endpoint - ModuleNotFoundError: No module named 'altk'
ERROR tests/unit/mcpgateway/test_main.py::TestRootEndpoints::test_remove_root_endpoint - ModuleNotFoundError: No module named 'altk'
ERROR tests/unit/mcpgateway/test_main.py::TestRootEndpoints::test_subscribe_root_changes - ModuleNotFoundError: No module named 'altk'
ERROR tests/unit/mcpgateway/test_main.py::TestRPCEndpoints::test_rpc_tool_invocation - ModuleNotFoundError: No module named 'altk'
ERROR tests/unit/mcpgateway/test_main.py::TestRPCEndpoints::test_rpc_prompt_get - ModuleNotFoundError: No module named 'altk'
ERROR tests/unit/mcpgateway/test_main.py::TestRPCEndpoints::test_rpc_list_tools - ModuleNotFoundError: No module named 'altk'
ERROR tests/unit/mcpgateway/test_main.py::TestRPCEndpoints::test_rpc_invalid_request - ModuleNotFoundError: No module named 'altk'
ERROR tests/unit/mcpgateway/test_main.py::TestRPCEndpoints::test_rpc_invalid_json - ModuleNotFoundError: No module named 'altk'
ERROR tests/unit/mcpgateway/test_main.py::TestRPCEndpoints::test_set_log_level_endpoint - ModuleNotFoundError: No module named 'altk'
ERROR tests/unit/mcpgateway/test_main.py::TestRealtimeEndpoints::test_websocket_endpoint - ModuleNotFoundError: No module named 'altk'
ERROR tests/unit/mcpgateway/test_main.py::TestRealtimeEndpoints::test_sse_endpoint - ModuleNotFoundError: No module named 'altk'
ERROR tests/unit/mcpgateway/test_main.py::TestRealtimeEndpoints::test_message_endpoint - ModuleNotFoundError: No module named 'altk'
ERROR tests/unit/mcpgateway/test_main.py::TestMetricsEndpoints::test_get_metrics - ModuleNotFoundError: No module named 'altk'
ERROR tests/unit/mcpgateway/test_main.py::TestMetricsEndpoints::test_reset_specific_entity_metrics - ModuleNotFoundError: No module named 'altk'
ERROR tests/unit/mcpgateway/test_main.py::TestMetricsEndpoints::test_reset_invalid_entity_metrics - ModuleNotFoundError: No module named 'altk'
ERROR tests/unit/mcpgateway/test_main.py::TestMiddlewareAndSecurity::test_docs_auth_middleware_protected_path - ModuleNotFoundError: No module named 'altk'
ERROR tests/unit/mcpgateway/test_main.py::TestMiddlewareAndSecurity::test_docs_auth_middleware_unprotected_path - ModuleNotFoundError: No module named 'altk'
ERROR tests/unit/mcpgateway/test_main.py::TestMiddlewareAndSecurity::test_openapi_protected - ModuleNotFoundError: No module named 'altk'
ERROR tests/unit/mcpgateway/test_main.py::TestMiddlewareAndSecurity::test_redoc_protected - ModuleNotFoundError: No module named 'altk'
ERROR tests/unit/mcpgateway/test_main.py::TestMiddlewareAndSecurity::test_cors_headers - ModuleNotFoundError: No module named 'altk'
ERROR tests/unit/mcpgateway/test_main.py::TestErrorHandling::test_docs_with_invalid_jwt - ModuleNotFoundError: No module named 'altk'
ERROR tests/unit/mcpgateway/test_main.py::TestErrorHandling::test_docs_with_expired_jwt - ModuleNotFoundError: No module named 'altk'
ERROR tests/unit/mcpgateway/test_main.py::TestErrorHandling::test_post_on_get_only_endpoint - ModuleNotFoundError: No module named 'altk'
ERROR tests/unit/mcpgateway/test_main.py::TestErrorHandling::test_delete_on_docs - ModuleNotFoundError: No module named 'altk'
ERROR tests/unit/mcpgateway/test_main.py::TestErrorHandling::test_missing_query_param - ModuleNotFoundError: No module named 'altk'
ERROR tests/unit/mcpgateway/test_main.py::TestErrorHandling::test_invalid_json_body - ModuleNotFoundError: No module named 'altk'
ERROR tests/unit/mcpgateway/test_main.py::TestErrorHandling::test_server_not_found - ModuleNotFoundError: No module named 'altk'
ERROR tests/unit/mcpgateway/test_main.py::TestErrorHandling::test_resource_not_found - ModuleNotFoundError: No module named 'altk'
ERROR tests/unit/mcpgateway/test_main.py::TestErrorHandling::test_tool_name_conflict - ModuleNotFoundError: No module named 'altk'
ERROR tests/unit/mcpgateway/test_main.py::TestErrorHandling::test_missing_required_fields - ModuleNotFoundError: No module named 'altk'
ERROR tests/unit/mcpgateway/test_main.py::TestErrorHandling::test_openapi_json_with_auth - ModuleNotFoundError: No module named 'altk'
ERROR tests/unit/mcpgateway/test_main.py::TestErrorHandling::test_docs_with_auth - ModuleNotFoundError: No module named 'altk'
ERROR tests/unit/mcpgateway/test_main.py::TestErrorHandling::test_redoc_with_auth - ModuleNotFoundError: No module named 'altk'
ERROR tests/unit/mcpgateway/test_main.py::TestHealthAndInfrastructure::test_health_check - ModuleNotFoundError: No module named 'altk'
ERROR tests/unit/mcpgateway/test_main.py::TestHealthAndInfrastructure::test_ready_check - ModuleNotFoundError: No module named 'altk'
ERROR tests/unit/mcpgateway/test_main.py::TestHealthAndInfrastructure::test_root_redirect - ModuleNotFoundError: No module named 'altk'
ERROR tests/unit/mcpgateway/test_main.py::TestHealthAndInfrastructure::test_static_files - ModuleNotFoundError: No module named 'altk'
ERROR tests/unit/mcpgateway/test_main.py::TestProtocolEndpoints::test_initialize_endpoint - ModuleNotFoundError: No module named 'altk'
ERROR tests/unit/mcpgateway/test_main.py::TestProtocolEndpoints::test_ping_endpoint - ModuleNotFoundError: No module named 'altk'
ERROR tests/unit/mcpgateway/test_main.py::TestProtocolEndpoints::test_ping_invalid_method - ModuleNotFoundError: No module named 'altk'
ERROR tests/unit/mcpgateway/test_main.py::TestProtocolEndpoints::test_handle_notification_initialized - ModuleNotFoundError: No module named 'altk'
ERROR tests/unit/mcpgateway/test_main.py::TestProtocolEndpoints::test_handle_notification_cancelled - ModuleNotFoundError: No module named 'altk'
ERROR tests/unit/mcpgateway/test_main.py::TestProtocolEndpoints::test_handle_notification_message - ModuleNotFoundError: No module named 'altk'
ERROR tests/unit/mcpgateway/test_main.py::TestProtocolEndpoints::test_handle_completion_endpoint - ModuleNotFoundError: No module named 'altk'
ERROR tests/unit/mcpgateway/test_main.py::TestProtocolEndpoints::test_handle_sampling_endpoint - ModuleNotFoundError: No module named 'altk'
ERROR tests/unit/mcpgateway/test_main.py::TestServerEndpoints::test_update_server_not_found - ModuleNotFoundError: No module named 'altk'
ERROR tests/unit/mcpgateway/test_main.py::TestServerEndpoints::test_create_server_validation_error - ModuleNotFoundError: No module named 'altk'
ERROR tests/unit/mcpgateway/test_main.py::TestServerEndpoints::test_list_servers_endpoint - ModuleNotFoundError: No module named 'altk'
ERROR tests/unit/mcpgateway/test_main.py::TestServerEndpoints::test_get_server_endpoint - ModuleNotFoundError: No module named 'altk'
ERROR tests/unit/mcpgateway/test_main.py::TestServerEndpoints::test_create_server_endpoint - ModuleNotFoundError: No module named 'altk'
ERROR tests/unit/mcpgateway/test_main.py::TestServerEndpoints::test_update_server_endpoint - ModuleNotFoundError: No module named 'altk'
ERROR tests/unit/mcpgateway/test_main.py::TestServerEndpoints::test_toggle_server_status - ModuleNotFoundError: No module named 'altk'
ERROR tests/unit/mcpgateway/test_main.py::TestServerEndpoints::test_delete_server_endpoint - ModuleNotFoundError: No module named 'altk'
ERROR tests/unit/mcpgateway/test_main.py::TestServerEndpoints::test_server_get_tools - ModuleNotFoundError: No module named 'altk'
ERROR tests/unit/mcpgateway/test_main.py::TestServerEndpoints::test_server_get_resources - ModuleNotFoundError: No module named 'altk'
ERROR tests/unit/mcpgateway/test_main.py::TestServerEndpoints::test_server_get_prompts - ModuleNotFoundError: No module named 'altk'
ERROR tests/unit/mcpgateway/test_main.py::TestToolEndpoints::test_update_tool_not_found - ModuleNotFoundError: No module named 'altk'
ERROR tests/unit/mcpgateway/test_main.py::TestToolEndpoints::test_create_tool_validation_error - ModuleNotFoundError: No module named 'altk'
ERROR tests/unit/mcpgateway/test_main.py::TestToolEndpoints::test_list_tools_endpoint - ModuleNotFoundError: No module named 'altk'
ERROR tests/unit/mcpgateway/test_main.py::TestToolEndpoints::test_create_tool_endpoint - ModuleNotFoundError: No module named 'altk'
ERROR tests/unit/mcpgateway/test_main.py::TestToolEndpoints::test_get_tool_endpoint - ModuleNotFoundError: No module named 'altk'
ERROR tests/unit/mcpgateway/test_main.py::TestToolEndpoints::test_update_tool_endpoint - ModuleNotFoundError: No module named 'altk'
ERROR tests/unit/mcpgateway/test_main.py::TestToolEndpoints::test_toggle_tool_status - ModuleNotFoundError: No module named 'altk'
ERROR tests/unit/mcpgateway/test_main.py::TestToolEndpoints::test_delete_tool_endpoint - ModuleNotFoundError: No module named 'altk'
ERROR tests/unit/mcpgateway/test_main.py::TestResourceEndpoints::test_update_resource_not_found - ModuleNotFoundError: No module named 'altk'
ERROR tests/unit/mcpgateway/test_main.py::TestResourceEndpoints::test_create_resource_validation_error - ModuleNotFoundError: No module named 'altk'
ERROR tests/unit/mcpgateway/test_main.py::TestResourceEndpoints::test_list_resources_endpoint - ModuleNotFoundError: No module named 'altk'
ERROR tests/unit/mcpgateway/test_main.py::TestResourceEndpoints::test_create_resource_endpoint - ModuleNotFoundError: No module named 'altk'
ERROR tests/unit/mcpgateway/test_main.py::TestResourceEndpoints::test_read_resource_endpoint - ModuleNotFoundError: No module named 'altk'
ERROR tests/unit/mcpgateway/test_main.py::TestResourceEndpoints::test_update_resource_endpoint - ModuleNotFoundError: No module named 'altk'
ERROR tests/unit/mcpgateway/test_main.py::TestResourceEndpoints::test_delete_resource_endpoint - ModuleNotFoundError: No module named 'altk'
ERROR tests/unit/mcpgateway/test_main.py::TestResourceEndpoints::test_list_resource_templates - ModuleNotFoundError: No module named 'altk'
ERROR tests/unit/mcpgateway/test_main.py::TestResourceEndpoints::test_toggle_resource_status - ModuleNotFoundError: No module named 'altk'
ERROR tests/unit/mcpgateway/test_main.py::TestResourceEndpoints::test_subscribe_resource_events - ModuleNotFoundError: No module named 'altk'
ERROR tests/unit/mcpgateway/test_main.py::TestPromptEndpoints::test_delete_prompt_not_found - ModuleNotFoundError: No module named 'altk'
ERROR tests/unit/mcpgateway/test_main.py::TestPromptEndpoints::test_update_prompt_not_found - ModuleNotFoundError: No module named 'altk'
ERROR tests/unit/mcpgateway/test_main.py::TestPromptEndpoints::test_create_prompt_validation_error - ModuleNotFoundError: No module named 'altk'
ERROR tests/unit/mcpgateway/test_main.py::TestPromptEndpoints::test_get_prompt_no_args - ModuleNotFoundError: No module named 'altk'
ERROR tests/unit/mcpgateway/test_main.py::TestPromptEndpoints::test_update_prompt_endpoint - ModuleNotFoundError: No module named 'altk'
ERROR tests/unit/mcpgateway/test_main.py::TestPromptEndpoints::test_delete_prompt_endpoint - ModuleNotFoundError: No module named 'altk'
FAILED tests/unit/mcpgateway/test_main.py::test_jsonpath_modifier_basic_match - ModuleNotFoundError: No module named 'altk'
FAILED tests/unit/mcpgateway/test_main.py::test_jsonpath_modifier_single_dict_collapse - ModuleNotFoundError: No module named 'altk'
FAILED tests/unit/mcpgateway/test_main.py::test_jsonpath_modifier_invalid_expressions - ModuleNotFoundError: No module named 'altk'
FAILED tests/unit/mcpgateway/test_main.py::TestPluginExceptionHandlers::test_plugin_violation_exception_handler_with_full_violation - ModuleNotFoundError: No module named 'altk'
FAILED tests/unit/mcpgateway/test_main.py::TestPluginExceptionHandlers::test_plugin_violation_exception_handler_with_custom_mcp_error_code - ModuleNotFoundError: No module named 'altk'
FAILED tests/unit/mcpgateway/test_main.py::TestPluginExceptionHandlers::test_plugin_violation_exception_handler_with_minimal_violation - ModuleNotFoundError: No module named 'altk'
FAILED tests/unit/mcpgateway/test_main.py::TestPluginExceptionHandlers::test_plugin_violation_exception_handler_without_violation_object - ModuleNotFoundError: No module named 'altk'
FAILED tests/unit/mcpgateway/test_main.py::TestPluginExceptionHandlers::test_plugin_exception_handler_with_full_error - ModuleNotFoundError: No module named 'altk'
FAILED tests/unit/mcpgateway/test_main.py::TestPluginExceptionHandlers::test_plugin_exception_handler_with_custom_mcp_error_code - ModuleNotFoundError: No module named 'altk'
FAILED tests/unit/mcpgateway/test_main.py::TestPluginExceptionHandlers::test_plugin_exception_handler_with_minimal_error - ModuleNotFoundError: No module named 'altk'
FAILED tests/unit/mcpgateway/test_main.py::TestPluginExceptionHandlers::test_plugin_exception_handler_with_empty_code - ModuleNotFoundError: No module named 'altk'
FAILED tests/unit/mcpgateway/utils/test_proxy_auth.py::TestWebSocketAuthentication::test_websocket_auth_required - AttributeError: module 'mcpgateway' has no attribute 'main'
FAILED tests/unit/mcpgateway/utils/test_proxy_auth.py::TestWebSocketAuthentication::test_websocket_with_token_query_param - AttributeError: module 'mcpgateway' has no attribute 'main'
FAILED tests/unit/mcpgateway/utils/test_proxy_auth.py::TestWebSocketAuthentication::test_websocket_with_proxy_auth - AttributeError: module 'mcpgateway' has no attribute 'main'
FAILED tests/unit/mcpgateway/test_final_coverage_push.py::test_content_type_model_form_urlencoded - ModuleNotFoundError: No module named 'altk'